{"total": {"lines":{"total":17,"covered":14,"skipped":0,"pct":82.35},"statements":{"total":17,"covered":14,"skipped":0,"pct":82.35},"functions":{"total":12,"covered":9,"skipped":0,"pct":75},"branches":{"total":11,"covered":9,"skipped":0,"pct":81.81},"branchesTrue":{"total":0,"covered":0,"skipped":0,"pct":100}}
,"/Users/boudydegeer/Projects/alicante-frontend-demo/src/App.tsx": {"lines":{"total":1,"covered":1,"skipped":0,"pct":100},"functions":{"total":1,"covered":1,"skipped":0,"pct":100},"statements":{"total":1,"covered":1,"skipped":0,"pct":100},"branches":{"total":0,"covered":0,"skipped":0,"pct":100}}
,"/Users/boudydegeer/Projects/alicante-frontend-demo/src/components/Header.tsx": {"lines":{"total":5,"covered":5,"skipped":0,"pct":100},"functions":{"total":2,"covered":2,"skipped":0,"pct":100},"statements":{"total":5,"covered":5,"skipped":0,"pct":100},"branches":{"total":6,"covered":5,"skipped":0,"pct":83.33}}
,"/Users/boudydegeer/Projects/alicante-frontend-demo/src/components/ui/avatar.tsx": {"lines":{"total":6,"covered":3,"skipped":0,"pct":50},"functions":{"total":6,"covered":3,"skipped":0,"pct":50},"statements":{"total":6,"covered":3,"skipped":0,"pct":50},"branches":{"total":1,"covered":1,"skipped":0,"pct":100}}
,"/Users/boudydegeer/Projects/alicante-frontend-demo/src/components/ui/badge.tsx": {"lines":{"total":3,"covered":3,"skipped":0,"pct":100},"functions":{"total":1,"covered":1,"skipped":0,"pct":100},"statements":{"total":3,"covered":3,"skipped":0,"pct":100},"branches":{"total":4,"covered":3,"skipped":0,"pct":75}}
,"/Users/boudydegeer/Projects/alicante-frontend-demo/src/components/ui/skeleton.tsx": {"lines":{"total":1,"covered":1,"skipped":0,"pct":100},"functions":{"total":1,"covered":1,"skipped":0,"pct":100},"statements":{"total":1,"covered":1,"skipped":0,"pct":100},"branches":{"total":0,"covered":0,"skipped":0,"pct":100}}
,"/Users/boudydegeer/Projects/alicante-frontend-demo/src/lib/utils.ts": {"lines":{"total":1,"covered":1,"skipped":0,"pct":100},"functions":{"total":1,"covered":1,"skipped":0,"pct":100},"statements":{"total":1,"covered":1,"skipped":0,"pct":100},"branches":{"total":0,"covered":0,"skipped":0,"pct":100}}
}
