{"total": {"lines":{"total":270,"covered":185,"skipped":0,"pct":68.51},"statements":{"total":295,"covered":197,"skipped":0,"pct":66.77},"functions":{"total":104,"covered":72,"skipped":0,"pct":69.23},"branches":{"total":144,"covered":76,"skipped":0,"pct":52.77},"branchesTrue":{"total":0,"covered":0,"skipped":0,"pct":100}}
,"/Users/boudydegeer/Projects/alicante-frontend-demo/src/App.tsx": {"lines":{"total":9,"covered":7,"skipped":0,"pct":77.77},"functions":{"total":3,"covered":1,"skipped":0,"pct":33.33},"statements":{"total":9,"covered":7,"skipped":0,"pct":77.77},"branches":{"total":6,"covered":4,"skipped":0,"pct":66.66}}
,"/Users/boudydegeer/Projects/alicante-frontend-demo/src/components/ActivityFeed.tsx": {"lines":{"total":32,"covered":23,"skipped":0,"pct":71.87},"functions":{"total":6,"covered":6,"skipped":0,"pct":100},"statements":{"total":35,"covered":26,"skipped":0,"pct":74.28},"branches":{"total":22,"covered":13,"skipped":0,"pct":59.09}}
,"/Users/boudydegeer/Projects/alicante-frontend-demo/src/components/ContributionGraph.tsx": {"lines":{"total":21,"covered":18,"skipped":0,"pct":85.71},"functions":{"total":5,"covered":5,"skipped":0,"pct":100},"statements":{"total":25,"covered":21,"skipped":0,"pct":84},"branches":{"total":16,"covered":12,"skipped":0,"pct":75}}
,"/Users/boudydegeer/Projects/alicante-frontend-demo/src/components/CoverageCard.tsx": {"lines":{"total":12,"covered":12,"skipped":0,"pct":100},"functions":{"total":5,"covered":5,"skipped":0,"pct":100},"statements":{"total":16,"covered":16,"skipped":0,"pct":100},"branches":{"total":12,"covered":12,"skipped":0,"pct":100}}
,"/Users/boudydegeer/Projects/alicante-frontend-demo/src/components/FeaturedRepos.tsx": {"lines":{"total":7,"covered":7,"skipped":0,"pct":100},"functions":{"total":3,"covered":3,"skipped":0,"pct":100},"statements":{"total":7,"covered":7,"skipped":0,"pct":100},"branches":{"total":10,"covered":8,"skipped":0,"pct":80}}
,"/Users/boudydegeer/Projects/alicante-frontend-demo/src/components/Header.tsx": {"lines":{"total":5,"covered":5,"skipped":0,"pct":100},"functions":{"total":2,"covered":2,"skipped":0,"pct":100},"statements":{"total":5,"covered":5,"skipped":0,"pct":100},"branches":{"total":6,"covered":5,"skipped":0,"pct":83.33}}
,"/Users/boudydegeer/Projects/alicante-frontend-demo/src/components/LanguagesChart.tsx": {"lines":{"total":7,"covered":7,"skipped":0,"pct":100},"functions":{"total":4,"covered":4,"skipped":0,"pct":100},"statements":{"total":7,"covered":7,"skipped":0,"pct":100},"branches":{"total":2,"covered":2,"skipped":0,"pct":100}}
,"/Users/boudydegeer/Projects/alicante-frontend-demo/src/components/LiveRepoSection.tsx": {"lines":{"total":4,"covered":3,"skipped":0,"pct":75},"functions":{"total":2,"covered":1,"skipped":0,"pct":50},"statements":{"total":4,"covered":3,"skipped":0,"pct":75},"branches":{"total":6,"covered":6,"skipped":0,"pct":100}}
,"/Users/boudydegeer/Projects/alicante-frontend-demo/src/components/PromptModal.tsx": {"lines":{"total":2,"covered":2,"skipped":0,"pct":100},"functions":{"total":2,"covered":2,"skipped":0,"pct":100},"statements":{"total":2,"covered":2,"skipped":0,"pct":100},"branches":{"total":2,"covered":2,"skipped":0,"pct":100}}
,"/Users/boudydegeer/Projects/alicante-frontend-demo/src/components/StatsCards.tsx": {"lines":{"total":6,"covered":6,"skipped":0,"pct":100},"functions":{"total":3,"covered":3,"skipped":0,"pct":100},"statements":{"total":6,"covered":6,"skipped":0,"pct":100},"branches":{"total":2,"covered":2,"skipped":0,"pct":100}}
,"/Users/boudydegeer/Projects/alicante-frontend-demo/src/components/ui/avatar.tsx": {"lines":{"total":6,"covered":3,"skipped":0,"pct":50},"functions":{"total":6,"covered":3,"skipped":0,"pct":50},"statements":{"total":6,"covered":3,"skipped":0,"pct":50},"branches":{"total":1,"covered":1,"skipped":0,"pct":100}}
,"/Users/boudydegeer/Projects/alicante-frontend-demo/src/components/ui/badge.tsx": {"lines":{"total":3,"covered":3,"skipped":0,"pct":100},"functions":{"total":1,"covered":1,"skipped":0,"pct":100},"statements":{"total":3,"covered":3,"skipped":0,"pct":100},"branches":{"total":4,"covered":3,"skipped":0,"pct":75}}
,"/Users/boudydegeer/Projects/alicante-frontend-demo/src/components/ui/button.tsx": {"lines":{"total":3,"covered":1,"skipped":0,"pct":33.33},"functions":{"total":1,"covered":0,"skipped":0,"pct":0},"statements":{"total":3,"covered":1,"skipped":0,"pct":33.33},"branches":{"total":5,"covered":0,"skipped":0,"pct":0}}
,"/Users/boudydegeer/Projects/alicante-frontend-demo/src/components/ui/card.tsx": {"lines":{"total":7,"covered":4,"skipped":0,"pct":57.14},"functions":{"total":7,"covered":4,"skipped":0,"pct":57.14},"statements":{"total":7,"covered":4,"skipped":0,"pct":57.14},"branches":{"total":0,"covered":0,"skipped":0,"pct":100}}
,"/Users/boudydegeer/Projects/alicante-frontend-demo/src/components/ui/dialog.tsx": {"lines":{"total":10,"covered":6,"skipped":0,"pct":60},"functions":{"total":10,"covered":6,"skipped":0,"pct":60},"statements":{"total":10,"covered":6,"skipped":0,"pct":60},"branches":{"total":6,"covered":3,"skipped":0,"pct":50}}
,"/Users/boudydegeer/Projects/alicante-frontend-demo/src/components/ui/skeleton.tsx": {"lines":{"total":1,"covered":1,"skipped":0,"pct":100},"functions":{"total":1,"covered":1,"skipped":0,"pct":100},"statements":{"total":1,"covered":1,"skipped":0,"pct":100},"branches":{"total":0,"covered":0,"skipped":0,"pct":100}}
,"/Users/boudydegeer/Projects/alicante-frontend-demo/src/hooks/useCoverage.ts": {"lines":{"total":19,"covered":12,"skipped":0,"pct":63.15},"functions":{"total":4,"covered":4,"skipped":0,"pct":100},"statements":{"total":20,"covered":13,"skipped":0,"pct":65},"branches":{"total":4,"covered":0,"skipped":0,"pct":0}}
,"/Users/boudydegeer/Projects/alicante-frontend-demo/src/hooks/useGitHubEvents.ts": {"lines":{"total":16,"covered":12,"skipped":0,"pct":75},"functions":{"total":8,"covered":4,"skipped":0,"pct":50},"statements":{"total":17,"covered":12,"skipped":0,"pct":70.58},"branches":{"total":2,"covered":0,"skipped":0,"pct":0}}
,"/Users/boudydegeer/Projects/alicante-frontend-demo/src/hooks/useGitHubRepos.ts": {"lines":{"total":21,"covered":16,"skipped":0,"pct":76.19},"functions":{"total":12,"covered":5,"skipped":0,"pct":41.66},"statements":{"total":24,"covered":16,"skipped":0,"pct":66.66},"branches":{"total":6,"covered":0,"skipped":0,"pct":0}}
,"/Users/boudydegeer/Projects/alicante-frontend-demo/src/hooks/useGitHubUser.ts": {"lines":{"total":7,"covered":6,"skipped":0,"pct":85.71},"functions":{"total":3,"covered":2,"skipped":0,"pct":66.66},"statements":{"total":7,"covered":6,"skipped":0,"pct":85.71},"branches":{"total":0,"covered":0,"skipped":0,"pct":100}}
,"/Users/boudydegeer/Projects/alicante-frontend-demo/src/hooks/useLiveRepo.ts": {"lines":{"total":28,"covered":12,"skipped":0,"pct":42.85},"functions":{"total":6,"covered":4,"skipped":0,"pct":66.66},"statements":{"total":30,"covered":13,"skipped":0,"pct":43.33},"branches":{"total":12,"covered":1,"skipped":0,"pct":8.33}}
,"/Users/boudydegeer/Projects/alicante-frontend-demo/src/lib/utils.ts": {"lines":{"total":1,"covered":1,"skipped":0,"pct":100},"functions":{"total":1,"covered":1,"skipped":0,"pct":100},"statements":{"total":1,"covered":1,"skipped":0,"pct":100},"branches":{"total":0,"covered":0,"skipped":0,"pct":100}}
,"/Users/boudydegeer/Projects/alicante-frontend-demo/src/utils/api.ts": {"lines":{"total":39,"covered":14,"skipped":0,"pct":35.89},"functions":{"total":9,"covered":5,"skipped":0,"pct":55.55},"statements":{"total":46,"covered":14,"skipped":0,"pct":30.43},"branches":{"total":20,"covered":2,"skipped":0,"pct":10}}
,"/Users/boudydegeer/Projects/alicante-frontend-demo/src/utils/constants.ts": {"lines":{"total":4,"covered":4,"skipped":0,"pct":100},"functions":{"total":0,"covered":0,"skipped":0,"pct":100},"statements":{"total":4,"covered":4,"skipped":0,"pct":100},"branches":{"total":0,"covered":0,"skipped":0,"pct":100}}
}
